17-May-2019 00:20:58.003 INFO [main] org.apache.catalina.startup.VersionLoggerListener.log Server version name:   Apache Tomcat/9.0.20
17-May-2019 00:20:58.006 INFO [main] org.apache.catalina.startup.VersionLoggerListener.log Server built:          May 3 2019 22:26:00 UTC
17-May-2019 00:20:58.006 INFO [main] org.apache.catalina.startup.VersionLoggerListener.log Server version number: 9.0.20.0
17-May-2019 00:20:58.006 INFO [main] org.apache.catalina.startup.VersionLoggerListener.log OS Name:               Linux
17-May-2019 00:20:58.006 INFO [main] org.apache.catalina.startup.VersionLoggerListener.log OS Version:            4.15.0-1032-aws
17-May-2019 00:20:58.006 INFO [main] org.apache.catalina.startup.VersionLoggerListener.log Architecture:          amd64
17-May-2019 00:20:58.006 INFO [main] org.apache.catalina.startup.VersionLoggerListener.log Java Home:             /usr/lib/jvm/java-8-openjdk-amd64/jre
17-May-2019 00:20:58.006 INFO [main] org.apache.catalina.startup.VersionLoggerListener.log JVM Version:           1.8.0_212-8u212-b03-0ubuntu1.18.04.1-b03
17-May-2019 00:20:58.006 INFO [main] org.apache.catalina.startup.VersionLoggerListener.log JVM Vendor:            Oracle Corporation
17-May-2019 00:20:58.007 INFO [main] org.apache.catalina.startup.VersionLoggerListener.log CATALINA_BASE:         /home/ubuntu/tomcat9
17-May-2019 00:20:58.007 INFO [main] org.apache.catalina.startup.VersionLoggerListener.log CATALINA_HOME:         /home/ubuntu/tomcat9
17-May-2019 00:20:58.016 INFO [main] org.apache.catalina.startup.VersionLoggerListener.log Command line argument: -Djava.util.logging.config.file=/home/ubuntu/tomcat9/conf/logging.properties
17-May-2019 00:20:58.016 INFO [main] org.apache.catalina.startup.VersionLoggerListener.log Command line argument: -Djava.util.logging.manager=org.apache.juli.ClassLoaderLogManager
17-May-2019 00:20:58.016 INFO [main] org.apache.catalina.startup.VersionLoggerListener.log Command line argument: -Djdk.tls.ephemeralDHKeySize=2048
17-May-2019 00:20:58.016 INFO [main] org.apache.catalina.startup.VersionLoggerListener.log Command line argument: -Djava.protocol.handler.pkgs=org.apache.catalina.webresources
17-May-2019 00:20:58.016 INFO [main] org.apache.catalina.startup.VersionLoggerListener.log Command line argument: -Dorg.apache.catalina.security.SecurityListener.UMASK=0027
17-May-2019 00:20:58.016 INFO [main] org.apache.catalina.startup.VersionLoggerListener.log Command line argument: -Dignore.endorsed.dirs=
17-May-2019 00:20:58.016 INFO [main] org.apache.catalina.startup.VersionLoggerListener.log Command line argument: -Dcatalina.base=/home/ubuntu/tomcat9
17-May-2019 00:20:58.016 INFO [main] org.apache.catalina.startup.VersionLoggerListener.log Command line argument: -Dcatalina.home=/home/ubuntu/tomcat9
17-May-2019 00:20:58.016 INFO [main] org.apache.catalina.startup.VersionLoggerListener.log Command line argument: -Djava.io.tmpdir=/home/ubuntu/tomcat9/temp
17-May-2019 00:20:58.016 INFO [main] org.apache.catalina.core.AprLifecycleListener.lifecycleEvent The APR based Apache Tomcat Native library which allows optimal performance in production environments was not found on the java.library.path: [/usr/java/packages/lib/amd64:/usr/lib/x86_64-linux-gnu/jni:/lib/x86_64-linux-gnu:/usr/lib/x86_64-linux-gnu:/usr/lib/jni:/lib:/usr/lib]
17-May-2019 00:20:58.651 INFO [main] org.apache.coyote.AbstractProtocol.init Initializing ProtocolHandler ["http-nio-8080"]
17-May-2019 00:20:58.702 INFO [main] org.apache.coyote.AbstractProtocol.init Initializing ProtocolHandler ["ajp-nio-8009"]
17-May-2019 00:20:58.712 INFO [main] org.apache.catalina.startup.Catalina.load Server initialization in [1,111] milliseconds
17-May-2019 00:20:58.777 INFO [main] org.apache.catalina.core.StandardService.startInternal Starting service [Catalina]
17-May-2019 00:20:58.778 INFO [main] org.apache.catalina.core.StandardEngine.startInternal Starting Servlet engine: [Apache Tomcat/9.0.20]
17-May-2019 00:20:58.800 INFO [main] org.apache.catalina.startup.HostConfig.deployDirectory Deploying web application directory [/home/ubuntu/tomcat9/webapps/host-manager]
17-May-2019 00:20:59.327 INFO [main] org.apache.catalina.startup.HostConfig.deployDirectory Deployment of web application directory [/home/ubuntu/tomcat9/webapps/host-manager] has finished in [528] ms
17-May-2019 00:20:59.328 INFO [main] org.apache.catalina.startup.HostConfig.deployDirectory Deploying web application directory [/home/ubuntu/tomcat9/webapps/docs]
17-May-2019 00:20:59.365 INFO [main] org.apache.catalina.startup.HostConfig.deployDirectory Deployment of web application directory [/home/ubuntu/tomcat9/webapps/docs] has finished in [37] ms
17-May-2019 00:20:59.366 INFO [main] org.apache.catalina.startup.HostConfig.deployDirectory Deploying web application directory [/home/ubuntu/tomcat9/webapps/ROOT]
17-May-2019 00:20:59.401 INFO [main] org.apache.catalina.startup.HostConfig.deployDirectory Deployment of web application directory [/home/ubuntu/tomcat9/webapps/ROOT] has finished in [36] ms
17-May-2019 00:20:59.403 INFO [main] org.apache.catalina.startup.HostConfig.deployDirectory Deploying web application directory [/home/ubuntu/tomcat9/webapps/manager]
17-May-2019 00:20:59.455 INFO [main] org.apache.catalina.startup.HostConfig.deployDirectory Deployment of web application directory [/home/ubuntu/tomcat9/webapps/manager] has finished in [52] ms
17-May-2019 00:20:59.456 INFO [main] org.apache.catalina.startup.HostConfig.deployDirectory Deploying web application directory [/home/ubuntu/tomcat9/webapps/examples]
17-May-2019 00:20:59.888 INFO [main] org.apache.catalina.startup.HostConfig.deployDirectory Deployment of web application directory [/home/ubuntu/tomcat9/webapps/examples] has finished in [432] ms
17-May-2019 00:20:59.896 INFO [main] org.apache.coyote.AbstractProtocol.start Starting ProtocolHandler ["http-nio-8080"]
17-May-2019 00:20:59.919 INFO [main] org.apache.coyote.AbstractProtocol.start Starting ProtocolHandler ["ajp-nio-8009"]
17-May-2019 00:20:59.930 INFO [main] org.apache.catalina.startup.Catalina.start Server startup in [1,218] milliseconds
17-May-2019 00:26:13.185 INFO [main] org.apache.catalina.core.StandardServer.await A valid shutdown command was received via the shutdown port. Stopping the Server instance.
17-May-2019 00:26:13.186 INFO [main] org.apache.coyote.AbstractProtocol.pause Pausing ProtocolHandler ["http-nio-8080"]
17-May-2019 00:26:13.190 INFO [main] org.apache.coyote.AbstractProtocol.pause Pausing ProtocolHandler ["ajp-nio-8009"]
17-May-2019 00:26:13.192 INFO [main] org.apache.catalina.core.StandardService.stopInternal Stopping service [Catalina]
17-May-2019 00:26:13.251 INFO [main] org.apache.coyote.AbstractProtocol.stop Stopping ProtocolHandler ["http-nio-8080"]
17-May-2019 00:26:13.253 INFO [main] org.apache.coyote.AbstractProtocol.stop Stopping ProtocolHandler ["ajp-nio-8009"]
17-May-2019 00:26:13.254 INFO [main] org.apache.coyote.AbstractProtocol.destroy Destroying ProtocolHandler ["http-nio-8080"]
17-May-2019 00:26:13.254 INFO [main] org.apache.coyote.AbstractProtocol.destroy Destroying ProtocolHandler ["ajp-nio-8009"]
17-May-2019 00:33:39.219 INFO [main] org.apache.catalina.startup.VersionLoggerListener.log Server version name:   Apache Tomcat/9.0.20
17-May-2019 00:33:39.223 INFO [main] org.apache.catalina.startup.VersionLoggerListener.log Server built:          May 3 2019 22:26:00 UTC
17-May-2019 00:33:39.223 INFO [main] org.apache.catalina.startup.VersionLoggerListener.log Server version number: 9.0.20.0
17-May-2019 00:33:39.224 INFO [main] org.apache.catalina.startup.VersionLoggerListener.log OS Name:               Linux
17-May-2019 00:33:39.224 INFO [main] org.apache.catalina.startup.VersionLoggerListener.log OS Version:            4.15.0-1032-aws
17-May-2019 00:33:39.224 INFO [main] org.apache.catalina.startup.VersionLoggerListener.log Architecture:          amd64
17-May-2019 00:33:39.224 INFO [main] org.apache.catalina.startup.VersionLoggerListener.log Java Home:             /usr/lib/jvm/java-8-openjdk-amd64/jre
17-May-2019 00:33:39.224 INFO [main] org.apache.catalina.startup.VersionLoggerListener.log JVM Version:           1.8.0_212-8u212-b03-0ubuntu1.18.04.1-b03
17-May-2019 00:33:39.224 INFO [main] org.apache.catalina.startup.VersionLoggerListener.log JVM Vendor:            Oracle Corporation
17-May-2019 00:33:39.224 INFO [main] org.apache.catalina.startup.VersionLoggerListener.log CATALINA_BASE:         /home/ubuntu/tomcat9
17-May-2019 00:33:39.224 INFO [main] org.apache.catalina.startup.VersionLoggerListener.log CATALINA_HOME:         /home/ubuntu/tomcat9
17-May-2019 00:33:39.225 INFO [main] org.apache.catalina.startup.VersionLoggerListener.log Command line argument: -Djava.util.logging.config.file=/home/ubuntu/tomcat9/conf/logging.properties
17-May-2019 00:33:39.226 INFO [main] org.apache.catalina.startup.VersionLoggerListener.log Command line argument: -Djava.util.logging.manager=org.apache.juli.ClassLoaderLogManager
17-May-2019 00:33:39.226 INFO [main] org.apache.catalina.startup.VersionLoggerListener.log Command line argument: -Djdk.tls.ephemeralDHKeySize=2048
17-May-2019 00:33:39.226 INFO [main] org.apache.catalina.startup.VersionLoggerListener.log Command line argument: -Djava.protocol.handler.pkgs=org.apache.catalina.webresources
17-May-2019 00:33:39.226 INFO [main] org.apache.catalina.startup.VersionLoggerListener.log Command line argument: -Dorg.apache.catalina.security.SecurityListener.UMASK=0027
17-May-2019 00:33:39.226 INFO [main] org.apache.catalina.startup.VersionLoggerListener.log Command line argument: -Dignore.endorsed.dirs=
17-May-2019 00:33:39.226 INFO [main] org.apache.catalina.startup.VersionLoggerListener.log Command line argument: -Dcatalina.base=/home/ubuntu/tomcat9
17-May-2019 00:33:39.226 INFO [main] org.apache.catalina.startup.VersionLoggerListener.log Command line argument: -Dcatalina.home=/home/ubuntu/tomcat9
17-May-2019 00:33:39.227 INFO [main] org.apache.catalina.startup.VersionLoggerListener.log Command line argument: -Djava.io.tmpdir=/home/ubuntu/tomcat9/temp
17-May-2019 00:33:39.227 INFO [main] org.apache.catalina.core.AprLifecycleListener.lifecycleEvent The APR based Apache Tomcat Native library which allows optimal performance in production environments was not found on the java.library.path: [/usr/java/packages/lib/amd64:/usr/lib/x86_64-linux-gnu/jni:/lib/x86_64-linux-gnu:/usr/lib/x86_64-linux-gnu:/usr/lib/jni:/lib:/usr/lib]
17-May-2019 00:33:39.736 INFO [main] org.apache.coyote.AbstractProtocol.init Initializing ProtocolHandler ["http-nio-8080"]
17-May-2019 00:33:39.791 INFO [main] org.apache.coyote.AbstractProtocol.init Initializing ProtocolHandler ["ajp-nio-8009"]
17-May-2019 00:33:39.795 INFO [main] org.apache.catalina.startup.Catalina.load Server initialization in [918] milliseconds
17-May-2019 00:33:39.849 INFO [main] org.apache.catalina.core.StandardService.startInternal Starting service [Catalina]
17-May-2019 00:33:39.849 INFO [main] org.apache.catalina.core.StandardEngine.startInternal Starting Servlet engine: [Apache Tomcat/9.0.20]
17-May-2019 00:33:39.867 INFO [main] org.apache.catalina.startup.HostConfig.deployDirectory Deploying web application directory [/home/ubuntu/tomcat9/webapps/host-manager]
17-May-2019 00:33:40.337 INFO [main] org.apache.catalina.startup.HostConfig.deployDirectory Deployment of web application directory [/home/ubuntu/tomcat9/webapps/host-manager] has finished in [470] ms
17-May-2019 00:33:40.338 INFO [main] org.apache.catalina.startup.HostConfig.deployDirectory Deploying web application directory [/home/ubuntu/tomcat9/webapps/docs]
17-May-2019 00:33:40.376 INFO [main] org.apache.catalina.startup.HostConfig.deployDirectory Deployment of web application directory [/home/ubuntu/tomcat9/webapps/docs] has finished in [38] ms
17-May-2019 00:33:40.379 INFO [main] org.apache.catalina.startup.HostConfig.deployDirectory Deploying web application directory [/home/ubuntu/tomcat9/webapps/ROOT]
17-May-2019 00:33:40.407 INFO [main] org.apache.catalina.startup.HostConfig.deployDirectory Deployment of web application directory [/home/ubuntu/tomcat9/webapps/ROOT] has finished in [27] ms
17-May-2019 00:33:40.407 INFO [main] org.apache.catalina.startup.HostConfig.deployDirectory Deploying web application directory [/home/ubuntu/tomcat9/webapps/manager]
17-May-2019 00:33:40.456 INFO [main] org.apache.catalina.startup.HostConfig.deployDirectory Deployment of web application directory [/home/ubuntu/tomcat9/webapps/manager] has finished in [49] ms
17-May-2019 00:33:40.457 INFO [main] org.apache.catalina.startup.HostConfig.deployDirectory Deploying web application directory [/home/ubuntu/tomcat9/webapps/examples]
17-May-2019 00:33:40.888 INFO [main] org.apache.catalina.startup.HostConfig.deployDirectory Deployment of web application directory [/home/ubuntu/tomcat9/webapps/examples] has finished in [431] ms
17-May-2019 00:33:40.896 INFO [main] org.apache.coyote.AbstractProtocol.start Starting ProtocolHandler ["http-nio-8080"]
17-May-2019 00:33:40.922 INFO [main] org.apache.coyote.AbstractProtocol.start Starting ProtocolHandler ["ajp-nio-8009"]
17-May-2019 00:33:40.924 INFO [main] org.apache.catalina.startup.Catalina.start Server startup in [1,128] milliseconds
17-May-2019 00:38:10.948 INFO [Catalina-utility-1] org.apache.catalina.startup.HostConfig.undeploy Undeploying context [/manager]
17-May-2019 00:38:10.980 INFO [Catalina-utility-1] org.apache.catalina.startup.HostConfig.deployDirectory Deploying web application directory [/home/ubuntu/tomcat9/webapps/manager]
17-May-2019 00:38:11.023 INFO [Catalina-utility-1] org.apache.catalina.startup.HostConfig.deployDirectory Deployment of web application directory [/home/ubuntu/tomcat9/webapps/manager] has finished in [42] ms
17-May-2019 00:38:14.820 INFO [main] org.apache.catalina.core.StandardServer.await A valid shutdown command was received via the shutdown port. Stopping the Server instance.
17-May-2019 00:38:14.820 INFO [main] org.apache.coyote.AbstractProtocol.pause Pausing ProtocolHandler ["http-nio-8080"]
17-May-2019 00:38:14.823 INFO [main] org.apache.coyote.AbstractProtocol.pause Pausing ProtocolHandler ["ajp-nio-8009"]
17-May-2019 00:38:14.824 INFO [main] org.apache.catalina.core.StandardService.stopInternal Stopping service [Catalina]
17-May-2019 00:38:14.869 INFO [main] org.apache.coyote.AbstractProtocol.stop Stopping ProtocolHandler ["http-nio-8080"]
17-May-2019 00:38:14.874 INFO [main] org.apache.coyote.AbstractProtocol.stop Stopping ProtocolHandler ["ajp-nio-8009"]
17-May-2019 00:38:14.875 INFO [main] org.apache.coyote.AbstractProtocol.destroy Destroying ProtocolHandler ["http-nio-8080"]
17-May-2019 00:38:14.878 INFO [main] org.apache.coyote.AbstractProtocol.destroy Destroying ProtocolHandler ["ajp-nio-8009"]
17-May-2019 00:40:12.841 INFO [main] org.apache.catalina.startup.VersionLoggerListener.log Server version name:   Apache Tomcat/9.0.20
17-May-2019 00:40:12.845 INFO [main] org.apache.catalina.startup.VersionLoggerListener.log Server built:          May 3 2019 22:26:00 UTC
17-May-2019 00:40:12.845 INFO [main] org.apache.catalina.startup.VersionLoggerListener.log Server version number: 9.0.20.0
17-May-2019 00:40:12.845 INFO [main] org.apache.catalina.startup.VersionLoggerListener.log OS Name:               Linux
17-May-2019 00:40:12.847 INFO [main] org.apache.catalina.startup.VersionLoggerListener.log OS Version:            4.15.0-1032-aws
17-May-2019 00:40:12.847 INFO [main] org.apache.catalina.startup.VersionLoggerListener.log Architecture:          amd64
17-May-2019 00:40:12.847 INFO [main] org.apache.catalina.startup.VersionLoggerListener.log Java Home:             /usr/lib/jvm/java-8-openjdk-amd64/jre
17-May-2019 00:40:12.847 INFO [main] org.apache.catalina.startup.VersionLoggerListener.log JVM Version:           1.8.0_212-8u212-b03-0ubuntu1.18.04.1-b03
17-May-2019 00:40:12.847 INFO [main] org.apache.catalina.startup.VersionLoggerListener.log JVM Vendor:            Oracle Corporation
17-May-2019 00:40:12.847 INFO [main] org.apache.catalina.startup.VersionLoggerListener.log CATALINA_BASE:         /home/ubuntu/tomcat9
17-May-2019 00:40:12.847 INFO [main] org.apache.catalina.startup.VersionLoggerListener.log CATALINA_HOME:         /home/ubuntu/tomcat9
17-May-2019 00:40:12.848 INFO [main] org.apache.catalina.startup.VersionLoggerListener.log Command line argument: -Djava.util.logging.config.file=/home/ubuntu/tomcat9/conf/logging.properties
17-May-2019 00:40:12.849 INFO [main] org.apache.catalina.startup.VersionLoggerListener.log Command line argument: -Djava.util.logging.manager=org.apache.juli.ClassLoaderLogManager
17-May-2019 00:40:12.849 INFO [main] org.apache.catalina.startup.VersionLoggerListener.log Command line argument: -Djdk.tls.ephemeralDHKeySize=2048
17-May-2019 00:40:12.849 INFO [main] org.apache.catalina.startup.VersionLoggerListener.log Command line argument: -Djava.protocol.handler.pkgs=org.apache.catalina.webresources
17-May-2019 00:40:12.849 INFO [main] org.apache.catalina.startup.VersionLoggerListener.log Command line argument: -Dorg.apache.catalina.security.SecurityListener.UMASK=0027
17-May-2019 00:40:12.849 INFO [main] org.apache.catalina.startup.VersionLoggerListener.log Command line argument: -Dignore.endorsed.dirs=
17-May-2019 00:40:12.849 INFO [main] org.apache.catalina.startup.VersionLoggerListener.log Command line argument: -Dcatalina.base=/home/ubuntu/tomcat9
17-May-2019 00:40:12.849 INFO [main] org.apache.catalina.startup.VersionLoggerListener.log Command line argument: -Dcatalina.home=/home/ubuntu/tomcat9
17-May-2019 00:40:12.851 INFO [main] org.apache.catalina.startup.VersionLoggerListener.log Command line argument: -Djava.io.tmpdir=/home/ubuntu/tomcat9/temp
17-May-2019 00:40:12.851 INFO [main] org.apache.catalina.core.AprLifecycleListener.lifecycleEvent The APR based Apache Tomcat Native library which allows optimal performance in production environments was not found on the java.library.path: [/usr/java/packages/lib/amd64:/usr/lib/x86_64-linux-gnu/jni:/lib/x86_64-linux-gnu:/usr/lib/x86_64-linux-gnu:/usr/lib/jni:/lib:/usr/lib]
17-May-2019 00:40:13.344 INFO [main] org.apache.coyote.AbstractProtocol.init Initializing ProtocolHandler ["http-nio-8080"]
17-May-2019 00:40:13.397 INFO [main] org.apache.coyote.AbstractProtocol.init Initializing ProtocolHandler ["ajp-nio-8009"]
17-May-2019 00:40:13.403 INFO [main] org.apache.catalina.startup.Catalina.load Server initialization in [886] milliseconds
17-May-2019 00:40:13.452 INFO [main] org.apache.catalina.core.StandardService.startInternal Starting service [Catalina]
17-May-2019 00:40:13.452 INFO [main] org.apache.catalina.core.StandardEngine.startInternal Starting Servlet engine: [Apache Tomcat/9.0.20]
17-May-2019 00:40:13.467 INFO [main] org.apache.catalina.startup.HostConfig.deployDirectory Deploying web application directory [/home/ubuntu/tomcat9/webapps/host-manager]
17-May-2019 00:41:11.544 WARNING [main] org.apache.catalina.util.SessionIdGeneratorBase.createSecureRandom Creation of SecureRandom instance for session ID generation using [SHA1PRNG] took [57,647] milliseconds.
17-May-2019 00:41:11.596 INFO [main] org.apache.catalina.startup.HostConfig.deployDirectory Deployment of web application directory [/home/ubuntu/tomcat9/webapps/host-manager] has finished in [58,129] ms
17-May-2019 00:41:11.599 INFO [main] org.apache.catalina.startup.HostConfig.deployDirectory Deploying web application directory [/home/ubuntu/tomcat9/webapps/docs]
17-May-2019 00:41:11.640 INFO [main] org.apache.catalina.startup.HostConfig.deployDirectory Deployment of web application directory [/home/ubuntu/tomcat9/webapps/docs] has finished in [41] ms
17-May-2019 00:41:11.642 INFO [main] org.apache.catalina.startup.HostConfig.deployDirectory Deploying web application directory [/home/ubuntu/tomcat9/webapps/ROOT]
17-May-2019 00:41:11.674 INFO [main] org.apache.catalina.startup.HostConfig.deployDirectory Deployment of web application directory [/home/ubuntu/tomcat9/webapps/ROOT] has finished in [32] ms
17-May-2019 00:41:11.675 INFO [main] org.apache.catalina.startup.HostConfig.deployDirectory Deploying web application directory [/home/ubuntu/tomcat9/webapps/manager]
17-May-2019 00:41:11.725 INFO [main] org.apache.catalina.startup.HostConfig.deployDirectory Deployment of web application directory [/home/ubuntu/tomcat9/webapps/manager] has finished in [51] ms
17-May-2019 00:41:11.726 INFO [main] org.apache.catalina.startup.HostConfig.deployDirectory Deploying web application directory [/home/ubuntu/tomcat9/webapps/examples]
17-May-2019 00:41:12.164 INFO [main] org.apache.catalina.startup.HostConfig.deployDirectory Deployment of web application directory [/home/ubuntu/tomcat9/webapps/examples] has finished in [438] ms
17-May-2019 00:41:12.172 INFO [main] org.apache.coyote.AbstractProtocol.start Starting ProtocolHandler ["http-nio-8080"]
17-May-2019 00:41:12.189 INFO [main] org.apache.coyote.AbstractProtocol.start Starting ProtocolHandler ["ajp-nio-8009"]
17-May-2019 00:41:12.200 INFO [main] org.apache.catalina.startup.Catalina.start Server startup in [58,796] milliseconds
17-May-2019 00:42:38.267 INFO [http-nio-8080-exec-10] org.apache.catalina.startup.HostConfig.deployWAR Deploying web application archive [/home/ubuntu/tomcat9/webapps/career_advisor.war]
17-May-2019 00:42:40.296 INFO [http-nio-8080-exec-10] org.apache.jasper.servlet.TldScanner.scanJars At least one JAR was scanned for TLDs yet contained no TLDs. Enable debug logging for this logger for a complete list of JARs that were scanned but no TLDs were found in them. Skipping unneeded JARs during scanning can improve startup time and JSP compilation time.
17-May-2019 00:42:40.300 INFO [http-nio-8080-exec-10] org.apache.myfaces.ee.MyFacesContainerInitializer.onStartup Using org.apache.myfaces.ee.MyFacesContainerInitializer
17-May-2019 00:42:40.457 INFO [http-nio-8080-exec-10] org.apache.myfaces.config.DefaultFacesConfigurationProvider.getStandardFacesConfig Reading standard config META-INF/standard-faces-config.xml
17-May-2019 00:42:40.805 INFO [http-nio-8080-exec-10] org.apache.myfaces.config.DefaultFacesConfigurationProvider.getWebAppFacesConfig Reading config /WEB-INF/faces-config.xml
17-May-2019 00:42:41.387 INFO [http-nio-8080-exec-10] org.apache.myfaces.config.DefaultFacesConfigurationProvider.getClassloaderFacesConfig Reading config : jar:file:/home/ubuntu/tomcat9/webapps/career_advisor/WEB-INF/lib/tomahawk20-1.1.14.jar!/META-INF/faces-config.xml
17-May-2019 00:42:41.577 INFO [http-nio-8080-exec-10] org.apache.myfaces.config.LogMetaInfUtils.logArtifact Artifact 'myfaces-bundle' was found in version '2.3.3' from path 'file:/home/ubuntu/tomcat9/webapps/career_advisor/WEB-INF/lib/myfaces-bundle-2.3.3.jar'
17-May-2019 00:42:41.583 INFO [http-nio-8080-exec-10] org.apache.myfaces.config.LogMetaInfUtils.logArtifact Artifact 'tomahawk20' was found in version '1.1.14' from path 'file:/home/ubuntu/tomcat9/webapps/career_advisor/WEB-INF/lib/tomahawk20-1.1.14.jar'
17-May-2019 00:42:41.590 INFO [http-nio-8080-exec-10] org.apache.myfaces.util.ExternalSpecifications.isCDIAvailable MyFaces CDI support disabled
17-May-2019 00:42:41.595 INFO [http-nio-8080-exec-10] org.apache.myfaces.spi.impl.DefaultInjectionProviderFactory.getInjectionProvider Using InjectionProvider org.apache.myfaces.spi.impl.Tomcat7AnnotationInjectionProvider
17-May-2019 00:42:41.682 INFO [http-nio-8080-exec-10] org.apache.myfaces.util.ExternalSpecifications.isBeanValidationAvailable MyFaces Bean Validation support disabled
17-May-2019 00:42:41.727 INFO [http-nio-8080-exec-10] org.apache.myfaces.application.ApplicationImpl.getProjectStage Couldn't discover the current project stage, using Production
17-May-2019 00:42:41.732 INFO [http-nio-8080-exec-10] org.apache.myfaces.config.FacesConfigurator.handleSerialFactory Serialization provider : class org.apache.myfaces.shared_impl.util.serial.DefaultSerialFactory
17-May-2019 00:42:41.735 INFO [http-nio-8080-exec-10] org.apache.myfaces.config.annotation.DefaultLifecycleProviderFactory.getLifecycleProvider Using LifecycleProvider org.apache.myfaces.config.annotation.Tomcat7AnnotationLifecycleProvider
17-May-2019 00:42:41.785 INFO [http-nio-8080-exec-10] org.apache.myfaces.webapp.AbstractFacesInitializer.initFaces ServletContext initialized.
17-May-2019 00:42:41.789 INFO [http-nio-8080-exec-10] org.apache.myfaces.webapp.WebConfigParamsLogger.logWebContextParams Starting up Tomahawk on the MyFaces-JSF-Implementation
17-May-2019 00:42:41.791 INFO [http-nio-8080-exec-10] org.apache.myfaces.webapp.WebConfigParamsLogger.logWebContextParams Scanning for context init parameters not defined. It is not necessary to define them all into your web.xml, they are just provided here for informative purposes. To disable this messages set org.apache.myfaces.LOG_WEB_CONTEXT_PARAMS config param to 'false'
17-May-2019 00:42:41.791 INFO [http-nio-8080-exec-10] org.apache.myfaces.webapp.WebConfigParamsLogger.logWebContextParams No context init parameter 'javax.faces.RESOURCE_EXCLUDES' found, using default value '.class .jsp .jspx .properties .xhtml .groovy'.
17-May-2019 00:42:41.792 INFO [http-nio-8080-exec-10] org.apache.myfaces.webapp.WebConfigParamsLogger.logWebContextParams No context init parameter 'javax.faces.FULL_STATE_SAVING_VIEW_IDS' found.
17-May-2019 00:42:41.792 INFO [http-nio-8080-exec-10] org.apache.myfaces.webapp.WebConfigParamsLogger.logWebContextParams No context init parameter 'javax.faces.PARTIAL_STATE_SAVING' found, using default value 'true (false with 1.2 webapps)'.
17-May-2019 00:42:41.799 INFO [http-nio-8080-exec-10] org.apache.myfaces.webapp.WebConfigParamsLogger.logWebContextParams No context init parameter 'javax.faces.SERIALIZE_SERVER_STATE' found, using default value 'false'.
17-May-2019 00:42:41.799 INFO [http-nio-8080-exec-10] org.apache.myfaces.webapp.WebConfigParamsLogger.logWebContextParams No context init parameter 'javax.faces.DEFAULT_SUFFIX' found, using default value '.xhtml .view.xml .jsp'.
17-May-2019 00:42:41.800 INFO [http-nio-8080-exec-10] org.apache.myfaces.webapp.WebConfigParamsLogger.logWebContextParams No context init parameter 'javax.faces.FACELETS_SUFFIX' found, using default value '.xhtml'.
17-May-2019 00:42:41.800 INFO [http-nio-8080-exec-10] org.apache.myfaces.webapp.WebConfigParamsLogger.logWebContextParams No context init parameter 'javax.faces.FACELETS_VIEW_MAPPINGS' found.
17-May-2019 00:42:41.800 INFO [http-nio-8080-exec-10] org.apache.myfaces.webapp.WebConfigParamsLogger.logWebContextParams No context init parameter 'javax.faces.DISABLE_FACELET_JSF_VIEWHANDLER' found.
17-May-2019 00:42:41.800 INFO [http-nio-8080-exec-10] org.apache.myfaces.webapp.WebConfigParamsLogger.logWebContextParams No context init parameter 'javax.faces.FACELETS_BUFFER_SIZE' found, using default value '1024'.
17-May-2019 00:42:41.801 INFO [http-nio-8080-exec-10] org.apache.myfaces.webapp.WebConfigParamsLogger.logWebContextParams No context init parameter 'javax.faces.FACELETS_DECORATORS' found.
17-May-2019 00:42:41.801 INFO [http-nio-8080-exec-10] org.apache.myfaces.webapp.WebConfigParamsLogger.logWebContextParams No context init parameter 'javax.faces.FACELETS_LIBRARIES' found.
17-May-2019 00:42:41.801 INFO [http-nio-8080-exec-10] org.apache.myfaces.webapp.WebConfigParamsLogger.logWebContextParams No context init parameter 'javax.faces.FACELETS_REFRESH_PERIOD' found, using default value '-1'.
17-May-2019 00:42:41.801 INFO [http-nio-8080-exec-10] org.apache.myfaces.webapp.WebConfigParamsLogger.logWebContextParams No context init parameter 'javax.faces.FACELETS_SKIP_COMMENTS' found.
17-May-2019 00:42:41.801 INFO [http-nio-8080-exec-10] org.apache.myfaces.webapp.WebConfigParamsLogger.logWebContextParams No context init parameter 'javax.faces.HONOR_CURRENT_COMPONENT_ATTRIBUTES' found, using default value 'false'.
17-May-2019 00:42:41.802 INFO [http-nio-8080-exec-10] org.apache.myfaces.webapp.WebConfigParamsLogger.logWebContextParams No context init parameter 'javax.faces.VALIDATE_EMPTY_FIELDS' found, using default value 'auto'.
17-May-2019 00:42:41.802 INFO [http-nio-8080-exec-10] org.apache.myfaces.webapp.WebConfigParamsLogger.logWebContextParams No context init parameter 'javax.faces.INTERPRET_EMPTY_STRING_SUBMITTED_VALUES_AS_NULL' found, using default value 'false'.
17-May-2019 00:42:41.802 INFO [http-nio-8080-exec-10] org.apache.myfaces.webapp.WebConfigParamsLogger.logWebContextParams No context init parameter 'org.apache.myfaces.CLEAR_INPUT_WHEN_SUBMITTED_VALUE_IS_NULL_OR_EMPTY' found, using default value 'true'.
17-May-2019 00:42:41.802 INFO [http-nio-8080-exec-10] org.apache.myfaces.webapp.WebConfigParamsLogger.logWebContextParams No context init parameter 'javax.faces.ALWAYS_PERFORM_VALIDATION_WHEN_REQUIRED_IS_TRUE' found, using default value 'false'.
17-May-2019 00:42:41.803 INFO [http-nio-8080-exec-10] org.apache.myfaces.webapp.WebConfigParamsLogger.logWebContextParams No context init parameter 'javax.faces.VIEWROOT_PHASE_LISTENER_QUEUES_EXCEPTIONS' found, using default value 'false'.
17-May-2019 00:42:41.803 INFO [http-nio-8080-exec-10] org.apache.myfaces.webapp.WebConfigParamsLogger.logWebContextParams No context init parameter 'javax.faces.DATETIMECONVERTER_DEFAULT_TIMEZONE_IS_SYSTEM_TIMEZONE' found, using default value 'false'.
17-May-2019 00:42:41.803 INFO [http-nio-8080-exec-10] org.apache.myfaces.webapp.WebConfigParamsLogger.logWebContextParams No context init parameter 'org.apache.myfaces.ENUM_CONVERTER_ALLOW_STRING_PASSTROUGH' found, using default value 'false'.
17-May-2019 00:42:41.804 INFO [http-nio-8080-exec-10] org.apache.myfaces.webapp.WebConfigParamsLogger.logWebContextParams No context init parameter 'javax.faces.validator.DISABLE_DEFAULT_BEAN_VALIDATOR' found, using default value 'true'.
17-May-2019 00:42:41.804 INFO [http-nio-8080-exec-10] org.apache.myfaces.webapp.WebConfigParamsLogger.logWebContextParams No context init parameter 'javax.faces.validator.ENABLE_VALIDATE_WHOLE_BEAN' found, using default value 'false'.
17-May-2019 00:42:41.804 INFO [http-nio-8080-exec-10] org.apache.myfaces.webapp.WebConfigParamsLogger.logWebContextParams No context init parameter 'javax.faces.CONFIG_FILES' found.
17-May-2019 00:42:41.804 INFO [http-nio-8080-exec-10] org.apache.myfaces.webapp.WebConfigParamsLogger.logWebContextParams No context init parameter 'javax.faces.LIFECYCLE_ID' found.
17-May-2019 00:42:41.805 INFO [http-nio-8080-exec-10] org.apache.myfaces.webapp.WebConfigParamsLogger.logWebContextParams No context init parameter 'javax.faces.DISABLE_FACESSERVLET_TO_XHTML' found.
17-May-2019 00:42:41.805 INFO [http-nio-8080-exec-10] org.apache.myfaces.webapp.WebConfigParamsLogger.logWebContextParams No context init parameter 'org.apache.myfaces.CHECKED_VIEWID_CACHE_SIZE' found, using default value '500'.
17-May-2019 00:42:41.805 INFO [http-nio-8080-exec-10] org.apache.myfaces.webapp.WebConfigParamsLogger.logWebContextParams No context init parameter 'org.apache.myfaces.CHECKED_VIEWID_CACHE_ENABLED' found, using default value 'true'.
17-May-2019 00:42:41.806 INFO [http-nio-8080-exec-10] org.apache.myfaces.webapp.WebConfigParamsLogger.logWebContextParams No context init parameter 'org.apache.myfaces.CONFIG_REFRESH_PERIOD' found, using default value '2'.
17-May-2019 00:42:41.806 INFO [http-nio-8080-exec-10] org.apache.myfaces.webapp.WebConfigParamsLogger.logWebContextParams No context init parameter 'org.apache.myfaces.VIEWSTATE_JAVASCRIPT' found, using default value 'false'.
17-May-2019 00:42:41.806 INFO [http-nio-8080-exec-10] org.apache.myfaces.webapp.WebConfigParamsLogger.logWebContextParams No context init parameter 'org.apache.myfaces.RENDER_VIEWSTATE_ID' found, using default value 'true'.
17-May-2019 00:42:41.806 INFO [http-nio-8080-exec-10] org.apache.myfaces.webapp.WebConfigParamsLogger.logWebContextParams No context init parameter 'org.apache.myfaces.STRICT_XHTML_LINKS' found, using default value 'true'.
17-May-2019 00:42:41.807 INFO [http-nio-8080-exec-10] org.apache.myfaces.webapp.WebConfigParamsLogger.logWebContextParams No context init parameter 'org.apache.myfaces.RENDER_CLEAR_JAVASCRIPT_FOR_BUTTON' found, using default value 'false'.
17-May-2019 00:42:41.807 INFO [http-nio-8080-exec-10] org.apache.myfaces.webapp.WebConfigParamsLogger.logWebContextParams No context init parameter 'org.apache.myfaces.RENDER_HIDDEN_FIELDS_FOR_LINK_PARAMS' found, using default value 'false'.
17-May-2019 00:42:41.807 INFO [http-nio-8080-exec-10] org.apache.myfaces.webapp.WebConfigParamsLogger.logWebContextParams No context init parameter 'org.apache.myfaces.SAVE_FORM_SUBMIT_LINK_IE' found, using default value 'false'.
17-May-2019 00:42:41.807 INFO [http-nio-8080-exec-10] org.apache.myfaces.webapp.WebConfigParamsLogger.logWebContextParams No context init parameter 'org.apache.myfaces.DELEGATE_FACES_SERVLET' found.
17-May-2019 00:42:41.808 INFO [http-nio-8080-exec-10] org.apache.myfaces.webapp.WebConfigParamsLogger.logWebContextParams No context init parameter 'org.apache.myfaces.REFRESH_TRANSIENT_BUILD_ON_PSS' found, using default value 'auto'.
17-May-2019 00:42:41.808 INFO [http-nio-8080-exec-10] org.apache.myfaces.webapp.WebConfigParamsLogger.logWebContextParams No context init parameter 'org.apache.myfaces.REFRESH_TRANSIENT_BUILD_ON_PSS_PRESERVE_STATE' found, using default value 'false'.
17-May-2019 00:42:41.808 INFO [http-nio-8080-exec-10] org.apache.myfaces.webapp.WebConfigParamsLogger.logWebContextParams No context init parameter 'org.apache.myfaces.VALIDATE_XML' found.
17-May-2019 00:42:41.808 INFO [http-nio-8080-exec-10] org.apache.myfaces.webapp.WebConfigParamsLogger.logWebContextParams No context init parameter 'org.apache.myfaces.WRAP_SCRIPT_CONTENT_WITH_XML_COMMENT_TAG' found, using default value 'false'.
17-May-2019 00:42:41.808 INFO [http-nio-8080-exec-10] org.apache.myfaces.webapp.WebConfigParamsLogger.logWebContextParams No context init parameter 'org.apache.myfaces.RENDER_FORM_SUBMIT_SCRIPT_INLINE' found, using default value 'false'.
17-May-2019 00:42:41.809 INFO [http-nio-8080-exec-10] org.apache.myfaces.webapp.WebConfigParamsLogger.logWebContextParams No context init parameter 'org.apache.myfaces.DEBUG_PHASE_LISTENER' found.
17-May-2019 00:42:41.809 INFO [http-nio-8080-exec-10] org.apache.myfaces.webapp.WebConfigParamsLogger.logWebContextParams No context init parameter 'org.apache.myfaces.STRICT_JSF_2_CC_EL_RESOLVER' found, using default value 'false'.
17-May-2019 00:42:41.809 INFO [http-nio-8080-exec-10] org.apache.myfaces.webapp.WebConfigParamsLogger.logWebContextParams No context init parameter 'org.apache.myfaces.DEFAULT_RESPONSE_WRITER_CONTENT_TYPE_MODE' found, using default value 'text/html'.
17-May-2019 00:42:41.810 INFO [http-nio-8080-exec-10] org.apache.myfaces.webapp.WebConfigParamsLogger.logWebContextParams No context init parameter 'org.apache.myfaces.VIEW_UNIQUE_IDS_CACHE_ENABLED' found, using default value 'true'.
17-May-2019 00:42:41.810 INFO [http-nio-8080-exec-10] org.apache.myfaces.webapp.WebConfigParamsLogger.logWebContextParams No context init parameter 'org.apache.myfaces.COMPONENT_UNIQUE_IDS_CACHE_SIZE' found, using default value '100'.
17-May-2019 00:42:41.811 INFO [http-nio-8080-exec-10] org.apache.myfaces.webapp.WebConfigParamsLogger.logWebContextParams No context init parameter 'org.apache.myfaces.SUPPORT_JSP_AND_FACES_EL' found, using default value 'true'.
17-May-2019 00:42:41.811 INFO [http-nio-8080-exec-10] org.apache.myfaces.webapp.WebConfigParamsLogger.logWebContextParams No context init parameter 'org.apache.myfaces.SUPPORT_MANAGED_BEANS' found, using default value 'true'.
17-May-2019 00:42:41.812 INFO [http-nio-8080-exec-10] org.apache.myfaces.webapp.WebConfigParamsLogger.logWebContextParams No context init parameter 'org.apache.myfaces.GAE_JSF_JAR_FILES' found.
17-May-2019 00:42:41.812 INFO [http-nio-8080-exec-10] org.apache.myfaces.webapp.WebConfigParamsLogger.logWebContextParams No context init parameter 'org.apache.myfaces.GAE_JSF_ANNOTATIONS_JAR_FILES' found.
17-May-2019 00:42:41.812 INFO [http-nio-8080-exec-10] org.apache.myfaces.webapp.WebConfigParamsLogger.logWebContextParams No context init parameter 'org.apache.myfaces.STRICT_JSF_2_VIEW_NOT_FOUND' found, using default value 'false'.
17-May-2019 00:42:41.812 INFO [http-nio-8080-exec-10] org.apache.myfaces.webapp.WebConfigParamsLogger.logWebContextParams No context init parameter 'org.apache.myfaces.EARLY_FLUSH_ENABLED' found, using default value 'false'.
17-May-2019 00:42:41.812 INFO [http-nio-8080-exec-10] org.apache.myfaces.webapp.WebConfigParamsLogger.logWebContextParams No context init parameter 'org.apache.myfaces.STRICT_JSF_2_FACELETS_COMPATIBILITY' found, using default value 'false'.
17-May-2019 00:42:41.813 INFO [http-nio-8080-exec-10] org.apache.myfaces.webapp.WebConfigParamsLogger.logWebContextParams No context init parameter 'org.apache.myfaces.RENDER_FORM_VIEW_STATE_AT_BEGIN' found, using default value 'false'.
17-May-2019 00:42:41.813 INFO [http-nio-8080-exec-10] org.apache.myfaces.webapp.WebConfigParamsLogger.logWebContextParams No context init parameter 'org.apache.myfaces.FLASH_SCOPE_DISABLED' found, using default value 'false'.
17-May-2019 00:42:41.813 INFO [http-nio-8080-exec-10] org.apache.myfaces.webapp.WebConfigParamsLogger.logWebContextParams No context init parameter 'org.apache.myfaces.NUMBER_OF_VIEWS_IN_SESSION' found, using default value '20'.
17-May-2019 00:42:41.813 INFO [http-nio-8080-exec-10] org.apache.myfaces.webapp.WebConfigParamsLogger.logWebContextParams No context init parameter 'org.apache.myfaces.NUMBER_OF_SEQUENTIAL_VIEWS_IN_SESSION' found, using default value '4'.
17-May-2019 00:42:41.813 INFO [http-nio-8080-exec-10] org.apache.myfaces.webapp.WebConfigParamsLogger.logWebContextParams No context init parameter 'org.apache.myfaces.NUMBER_OF_FLASH_TOKENS_IN_SESSION' found.
17-May-2019 00:42:41.814 INFO [http-nio-8080-exec-10] org.apache.myfaces.webapp.WebConfigParamsLogger.logWebContextParams No context init parameter 'org.apache.myfaces.FACES_FLOW_CLIENT_WINDOW_IDS_IN_SESSION' found.
17-May-2019 00:42:41.814 INFO [http-nio-8080-exec-10] org.apache.myfaces.webapp.WebConfigParamsLogger.logWebContextParams No context init parameter 'org.apache.myfaces.SUPPORT_EL_3_IMPORT_HANDLER' found, using default value 'false'.
17-May-2019 00:42:41.815 INFO [http-nio-8080-exec-10] org.apache.myfaces.webapp.WebConfigParamsLogger.logWebContextParams No context init parameter 'org.apache.myfaces.STRICT_JSF_2_ORIGIN_HEADER_APP_PATH' found, using default value 'false'.
17-May-2019 00:42:41.816 INFO [http-nio-8080-exec-10] org.apache.myfaces.webapp.WebConfigParamsLogger.logWebContextParams No context init parameter 'org.apache.myfaces.RESOURCE_MAX_TIME_EXPIRES' found, using default value '604800000'.
17-May-2019 00:42:41.816 INFO [http-nio-8080-exec-10] org.apache.myfaces.webapp.WebConfigParamsLogger.logWebContextParams No context init parameter 'org.apache.myfaces.RESOURCE_HANDLER_CACHE_SIZE' found, using default value '500'.
17-May-2019 00:42:41.816 INFO [http-nio-8080-exec-10] org.apache.myfaces.webapp.WebConfigParamsLogger.logWebContextParams No context init parameter 'org.apache.myfaces.RESOURCE_HANDLER_CACHE_ENABLED' found, using default value 'true'.
17-May-2019 00:42:41.817 INFO [http-nio-8080-exec-10] org.apache.myfaces.webapp.WebConfigParamsLogger.logWebContextParams No context init parameter 'org.apache.myfaces.USE_ENCRYPTION' found, using default value 'true'.
17-May-2019 00:42:41.817 INFO [http-nio-8080-exec-10] org.apache.myfaces.webapp.WebConfigParamsLogger.logWebContextParams No context init parameter 'org.apache.myfaces.SECRET' found.
17-May-2019 00:42:41.817 INFO [http-nio-8080-exec-10] org.apache.myfaces.webapp.WebConfigParamsLogger.logWebContextParams No context init parameter 'org.apache.myfaces.ALGORITHM' found, using default value 'DES'.
17-May-2019 00:42:41.818 INFO [http-nio-8080-exec-10] org.apache.myfaces.webapp.WebConfigParamsLogger.logWebContextParams No context init parameter 'org.apache.myfaces.SECRET.CACHE' found.
17-May-2019 00:42:41.820 INFO [http-nio-8080-exec-10] org.apache.myfaces.webapp.WebConfigParamsLogger.logWebContextParams No context init parameter 'org.apache.myfaces.ALGORITHM.IV' found.
17-May-2019 00:42:41.820 INFO [http-nio-8080-exec-10] org.apache.myfaces.webapp.WebConfigParamsLogger.logWebContextParams No context init parameter 'org.apache.myfaces.ALGORITHM.PARAMETERS' found, using default value 'ECB/PKCS5Padding'.
17-May-2019 00:42:41.820 INFO [http-nio-8080-exec-10] org.apache.myfaces.webapp.WebConfigParamsLogger.logWebContextParams No context init parameter 'org.apache.myfaces.SERIAL_FACTORY' found.
17-May-2019 00:42:41.823 INFO [http-nio-8080-exec-10] org.apache.myfaces.webapp.WebConfigParamsLogger.logWebContextParams No context init parameter 'org.apache.myfaces.COMPRESS_STATE_IN_CLIENT' found, using default value 'false'.
17-May-2019 00:42:41.824 INFO [http-nio-8080-exec-10] org.apache.myfaces.webapp.WebConfigParamsLogger.logWebContextParams No context init parameter 'org.apache.myfaces.MAC_ALGORITHM' found, using default value 'HmacSHA1'.
17-May-2019 00:42:41.824 INFO [http-nio-8080-exec-10] org.apache.myfaces.webapp.WebConfigParamsLogger.logWebContextParams No context init parameter 'org.apache.myfaces.MAC_SECRET' found.
17-May-2019 00:42:41.824 INFO [http-nio-8080-exec-10] org.apache.myfaces.webapp.WebConfigParamsLogger.logWebContextParams No context init parameter 'org.apache.myfaces.MAC_SECRET.CACHE' found.
17-May-2019 00:42:41.825 INFO [http-nio-8080-exec-10] org.apache.myfaces.webapp.WebConfigParamsLogger.logWebContextParams No context init parameter 'javax.faces.PROJECT_STAGE' found, using default value 'Production'.
17-May-2019 00:42:41.825 INFO [http-nio-8080-exec-10] org.apache.myfaces.webapp.WebConfigParamsLogger.logWebContextParams No context init parameter 'org.apache.myfaces.LAZY_LOAD_CONFIG_OBJECTS' found, using default value 'true'.
17-May-2019 00:42:41.825 INFO [http-nio-8080-exec-10] org.apache.myfaces.webapp.WebConfigParamsLogger.logWebContextParams No context init parameter 'org.apache.myfaces.STRICT_JSF_2_ALLOW_SLASH_LIBRARY_NAME' found, using default value 'false'.
17-May-2019 00:42:41.825 INFO [http-nio-8080-exec-10] org.apache.myfaces.webapp.WebConfigParamsLogger.logWebContextParams No context init parameter 'org.apache.myfaces.RESOURCE_BUFFER_SIZE' found, using default value '2048'.
17-May-2019 00:42:41.825 INFO [http-nio-8080-exec-10] org.apache.myfaces.webapp.WebConfigParamsLogger.logWebContextParams No context init parameter 'org.apache.myfaces.RANDOM_KEY_IN_CSRF_SESSION_TOKEN' found, using default value 'none'.
17-May-2019 00:42:41.826 INFO [http-nio-8080-exec-10] org.apache.myfaces.webapp.WebConfigParamsLogger.logWebContextParams No context init parameter 'org.apache.myfaces.RANDOM_KEY_IN_CSRF_SESSION_TOKEN_LENGTH' found, using default value '16'.
17-May-2019 00:42:41.826 INFO [http-nio-8080-exec-10] org.apache.myfaces.webapp.WebConfigParamsLogger.logWebContextParams No context init parameter 'org.apache.myfaces.RANDOM_KEY_IN_CSRF_SESSION_TOKEN_SECURE_RANDOM_CLASS' found.
17-May-2019 00:42:41.826 INFO [http-nio-8080-exec-10] org.apache.myfaces.webapp.WebConfigParamsLogger.logWebContextParams No context init parameter 'org.apache.myfaces.RANDOM_KEY_IN_CSRF_SESSION_TOKEN_SECURE_RANDOM_PROVIDER' found.
17-May-2019 00:42:41.826 INFO [http-nio-8080-exec-10] org.apache.myfaces.webapp.WebConfigParamsLogger.logWebContextParams No context init parameter 'org.apache.myfaces.RANDOM_KEY_IN_CSRF_SESSION_TOKEN_SECURE_RANDOM_ALGORITM' found, using default value 'SHA1PRNG'.
17-May-2019 00:42:41.826 INFO [http-nio-8080-exec-10] org.apache.myfaces.webapp.WebConfigParamsLogger.logWebContextParams No context init parameter 'org.apache.myfaces.CLIENT_VIEW_STATE_TIMEOUT' found, using default value '0'.
17-May-2019 00:42:41.826 INFO [http-nio-8080-exec-10] org.apache.myfaces.webapp.WebConfigParamsLogger.logWebContextParams No context init parameter 'org.apache.myfaces.SERIALIZE_STATE_IN_SESSION' found, using default value 'false'.
17-May-2019 00:42:41.827 INFO [http-nio-8080-exec-10] org.apache.myfaces.webapp.WebConfigParamsLogger.logWebContextParams No context init parameter 'org.apache.myfaces.COMPRESS_STATE_IN_SESSION' found, using default value 'true'.
17-May-2019 00:42:41.827 INFO [http-nio-8080-exec-10] org.apache.myfaces.webapp.WebConfigParamsLogger.logWebContextParams No context init parameter 'org.apache.myfaces.USE_FLASH_SCOPE_PURGE_VIEWS_IN_SESSION' found, using default value 'false'.
17-May-2019 00:42:41.827 INFO [http-nio-8080-exec-10] org.apache.myfaces.webapp.WebConfigParamsLogger.logWebContextParams No context init parameter 'org.apache.myfaces.RANDOM_KEY_IN_VIEW_STATE_SESSION_TOKEN' found, using default value 'random'.
17-May-2019 00:42:41.827 INFO [http-nio-8080-exec-10] org.apache.myfaces.webapp.WebConfigParamsLogger.logWebContextParams No context init parameter 'org.apache.myfaces.RANDOM_KEY_IN_VIEW_STATE_SESSION_TOKEN_LENGTH' found, using default value '8'.
17-May-2019 00:42:41.827 INFO [http-nio-8080-exec-10] org.apache.myfaces.webapp.WebConfigParamsLogger.logWebContextParams No context init parameter 'org.apache.myfaces.RANDOM_KEY_IN_VIEW_STATE_SESSION_TOKEN_SECURE_RANDOM_CLASS' found.
17-May-2019 00:42:41.828 INFO [http-nio-8080-exec-10] org.apache.myfaces.webapp.WebConfigParamsLogger.logWebContextParams No context init parameter 'org.apache.myfaces.RANDOM_KEY_IN_VIEW_STATE_SESSION_TOKEN_SECURE_RANDOM_PROVIDER' found.
17-May-2019 00:42:41.828 INFO [http-nio-8080-exec-10] org.apache.myfaces.webapp.WebConfigParamsLogger.logWebContextParams No context init parameter 'org.apache.myfaces.RANDOM_KEY_IN_VIEW_STATE_SESSION_TOKEN_SECURE_RANDOM_ALGORITM' found, using default value 'SHA1PRNG'.
17-May-2019 00:42:41.828 INFO [http-nio-8080-exec-10] org.apache.myfaces.webapp.WebConfigParamsLogger.logWebContextParams No context init parameter 'facelets.LIBRARIES' found.
17-May-2019 00:42:41.828 INFO [http-nio-8080-exec-10] org.apache.myfaces.webapp.WebConfigParamsLogger.logWebContextParams No context init parameter 'org.apache.myfaces.VALIDATE' found, using default value 'false'.
17-May-2019 00:42:41.828 INFO [http-nio-8080-exec-10] org.apache.myfaces.webapp.WebConfigParamsLogger.logWebContextParams No context init parameter 'org.apache.myfaces.annotation.USE_CDI_FOR_ANNOTATION_SCANNING' found.
17-May-2019 00:42:41.829 INFO [http-nio-8080-exec-10] org.apache.myfaces.webapp.WebConfigParamsLogger.logWebContextParams No context init parameter 'org.apache.myfaces.annotation.SCAN_PACKAGES' found.
17-May-2019 00:42:41.829 INFO [http-nio-8080-exec-10] org.apache.myfaces.webapp.WebConfigParamsLogger.logWebContextParams No context init parameter 'org.apache.myfaces.config.annotation.LifecycleProvider' found.
17-May-2019 00:42:41.829 INFO [http-nio-8080-exec-10] org.apache.myfaces.webapp.WebConfigParamsLogger.logWebContextParams No context init parameter 'javax.faces.WEBSOCKET_ENDPOINT_PORT' found.
17-May-2019 00:42:41.830 INFO [http-nio-8080-exec-10] org.apache.myfaces.webapp.WebConfigParamsLogger.logWebContextParams No context init parameter 'org.apache.myfaces.INITIALIZE_SKIP_JAR_FACES_CONFIG_SCAN' found, using default value 'false'.
17-May-2019 00:42:41.830 INFO [http-nio-8080-exec-10] org.apache.myfaces.webapp.WebConfigParamsLogger.logWebContextParams No context init parameter 'org.apache.myfaces.EL_RESOLVER_COMPARATOR' found.
17-May-2019 00:42:41.831 INFO [http-nio-8080-exec-10] org.apache.myfaces.webapp.WebConfigParamsLogger.logWebContextParams No context init parameter 'org.apache.myfaces.EL_RESOLVER_PREDICATE' found.
17-May-2019 00:42:41.831 INFO [http-nio-8080-exec-10] org.apache.myfaces.webapp.WebConfigParamsLogger.logWebContextParams No context init parameter 'org.apache.myfaces.DEFAULT_WINDOW_MODE' found, using default value 'url'.
17-May-2019 00:42:41.831 INFO [http-nio-8080-exec-10] org.apache.myfaces.webapp.WebConfigParamsLogger.logWebContextParams No context init parameter 'org.apache.myfaces.WEBSOCKET_MAX_IDLE_TIMEOUT' found, using default value '300000'.
17-May-2019 00:42:41.831 INFO [http-nio-8080-exec-10] org.apache.myfaces.webapp.WebConfigParamsLogger.logWebContextParams No context init parameter 'org.apache.myfaces.RANDOM_KEY_IN_WEBSOCKET_SESSION_TOKEN' found, using default value 'none'.
17-May-2019 00:42:41.831 INFO [http-nio-8080-exec-10] org.apache.myfaces.webapp.WebConfigParamsLogger.logWebContextParams No context init parameter 'org.apache.myfaces.ERROR_TEMPLATE_RESOURCE' found, using default value 'META-INF/rsc/myfaces-dev-error.xml'.
17-May-2019 00:42:41.835 INFO [http-nio-8080-exec-10] org.apache.myfaces.webapp.WebConfigParamsLogger.logWebContextParams No context init parameter 'org.apache.myfaces.DEBUG_TEMPLATE_RESOURCE' found, using default value 'META-INF/rsc/myfaces-dev-debug.xml'.
17-May-2019 00:42:41.835 INFO [http-nio-8080-exec-10] org.apache.myfaces.webapp.WebConfigParamsLogger.logWebContextParams No context init parameter 'org.apache.myfaces.ERROR_HANDLING' found, using default value 'false, on Development Project stage: true'.
17-May-2019 00:42:41.835 INFO [http-nio-8080-exec-10] org.apache.myfaces.webapp.WebConfigParamsLogger.logWebContextParams No context init parameter 'org.apache.myfaces.AUTOCOMPLETE_OFF_VIEW_STATE' found, using default value 'true'.
17-May-2019 00:42:41.835 INFO [http-nio-8080-exec-10] org.apache.myfaces.webapp.WebConfigParamsLogger.logWebContextParams No context init parameter 'org.apache.myfaces.USE_MULTIPLE_JS_FILES_FOR_JSF_UNCOMPRESSED_JS' found, using default value 'false'.
17-May-2019 00:42:41.835 INFO [http-nio-8080-exec-10] org.apache.myfaces.webapp.WebConfigParamsLogger.logWebContextParams No context init parameter 'org.apache.myfaces.JSF_JS_MODE' found, using default value 'normal'.
17-May-2019 00:42:41.836 INFO [http-nio-8080-exec-10] org.apache.myfaces.webapp.WebConfigParamsLogger.logWebContextParams No context init parameter 'org.apache.myfaces.TEMPORAL_RESOURCEHANDLER_CACHE_ENABLED' found, using default value 'false'.
17-May-2019 00:42:41.836 INFO [http-nio-8080-exec-10] org.apache.myfaces.webapp.WebConfigParamsLogger.logWebContextParams No context init parameter 'org.apache.myfaces.SERVICE_PROVIDER_FINDER' found.
17-May-2019 00:42:41.836 INFO [http-nio-8080-exec-10] org.apache.myfaces.webapp.WebConfigParamsLogger.logWebContextParams No context init parameter 'org.apache.myfaces.spi.InjectionProvider' found.
17-May-2019 00:42:41.837 INFO [http-nio-8080-exec-10] org.apache.myfaces.webapp.WebConfigParamsLogger.logWebContextParams No context init parameter 'javax.faces.DISABLE_FACELET_JSF_VIEWHANDLER' found, using default value 'false'.
17-May-2019 00:42:41.837 INFO [http-nio-8080-exec-10] org.apache.myfaces.webapp.WebConfigParamsLogger.logWebContextParams No context init parameter 'org.apache.myfaces.CHECK_ID_PRODUCTION_MODE' found, using default value 'auto'.
17-May-2019 00:42:41.837 INFO [http-nio-8080-exec-10] org.apache.myfaces.webapp.WebConfigParamsLogger.logWebContextParams No context init parameter 'facelets.BUFFER_SIZE' found.
17-May-2019 00:42:41.837 INFO [http-nio-8080-exec-10] org.apache.myfaces.webapp.WebConfigParamsLogger.logWebContextParams No context init parameter 'facelets.REFRESH_PERIOD' found, using default value '-1'.
17-May-2019 00:42:41.837 INFO [http-nio-8080-exec-10] org.apache.myfaces.webapp.WebConfigParamsLogger.logWebContextParams No context init parameter 'javax.faces.FACELETS_RESOURCE_RESOLVER' found.
17-May-2019 00:42:41.837 INFO [http-nio-8080-exec-10] org.apache.myfaces.webapp.WebConfigParamsLogger.logWebContextParams No context init parameter 'facelets.RESOURCE_RESOLVER' found.
17-May-2019 00:42:41.838 INFO [http-nio-8080-exec-10] org.apache.myfaces.webapp.WebConfigParamsLogger.logWebContextParams No context init parameter 'org.apache.myfaces.MARK_INITIAL_STATE_WHEN_APPLY_BUILD_VIEW' found, using default value 'false'.
17-May-2019 00:42:41.838 INFO [http-nio-8080-exec-10] org.apache.myfaces.webapp.WebConfigParamsLogger.logWebContextParams No context init parameter 'facelets.DECORATORS' found.
17-May-2019 00:42:41.838 INFO [http-nio-8080-exec-10] org.apache.myfaces.webapp.WebConfigParamsLogger.logWebContextParams No context init parameter 'org.apache.myfaces.WRAP_TAG_EXCEPTIONS_AS_CONTEXT_AWARE' found, using default value 'true'.
17-May-2019 00:42:41.838 INFO [http-nio-8080-exec-10] org.apache.myfaces.webapp.WebConfigParamsLogger.logWebContextParams No context init parameter 'org.apache.myfaces.CACHE_EL_EXPRESSIONS' found, using default value 'noCache'.
17-May-2019 00:42:41.838 INFO [http-nio-8080-exec-10] org.apache.myfaces.webapp.WebConfigParamsLogger.logWebContextParams No context init parameter 'org.apache.myfaces.VIEW_POOL_MAX_POOL_SIZE' found, using default value '5'.
17-May-2019 00:42:41.838 INFO [http-nio-8080-exec-10] org.apache.myfaces.webapp.WebConfigParamsLogger.logWebContextParams No context init parameter 'org.apache.myfaces.VIEW_POOL_MAX_DYNAMIC_PARTIAL_LIMIT' found, using default value '2'.
17-May-2019 00:42:41.839 INFO [http-nio-8080-exec-10] org.apache.myfaces.webapp.WebConfigParamsLogger.logWebContextParams No context init parameter 'org.apache.myfaces.VIEW_POOL_ENTRY_MODE' found, using default value 'soft'.
17-May-2019 00:42:41.839 INFO [http-nio-8080-exec-10] org.apache.myfaces.webapp.WebConfigParamsLogger.logWebContextParams No context init parameter 'org.apache.myfaces.VIEW_POOL_DEFERRED_NAVIGATION' found, using default value 'false'.
17-May-2019 00:42:41.839 INFO [http-nio-8080-exec-10] org.apache.myfaces.webapp.WebConfigParamsLogger.logWebContextParams No context init parameter 'org.apache.myfaces.validator.BEAN_BEFORE_JSF_VALIDATION' found, using default value 'false'.
17-May-2019 00:42:41.840 INFO [http-nio-8080-exec-10] org.apache.myfaces.webapp.WebConfigParamsLogger.logWebContextParams No context init parameter 'org.apache.myfaces.JSP_SUFFIX' found, using default value '.jsp'.
17-May-2019 00:42:41.840 INFO [http-nio-8080-exec-10] org.apache.myfaces.webapp.WebConfigParamsLogger.logWebContextParams No context init parameter 'org.apache.myfaces.EXPRESSION_FACTORY' found.
17-May-2019 00:42:41.840 INFO [http-nio-8080-exec-10] org.apache.myfaces.webapp.WebConfigParamsLogger.logWebContextParams No context init parameter 'org.apache.myfaces.INITIALIZE_ALWAYS_STANDALONE' found, using default value 'false'.
17-May-2019 00:42:41.842 INFO [http-nio-8080-exec-10] org.apache.myfaces.webapp.WebConfigParamsLogger.logWebContextParams No context init parameter 'org.apache.myfaces.LOG_WEB_CONTEXT_PARAMS' found, using default value 'auto'.
17-May-2019 00:42:41.842 INFO [http-nio-8080-exec-10] org.apache.myfaces.webapp.WebConfigParamsLogger.logWebContextParams No context init parameter 'org.apache.myfaces.AUTOMATIC_EXTENSIONLESS_MAPPING' found, using default value 'false'.
17-May-2019 00:42:41.842 INFO [http-nio-8080-exec-10] org.apache.myfaces.webapp.WebConfigParamsLogger.logWebContextParams No context init parameter 'org.apache.myfaces.FACES_INITIALIZER' found.
17-May-2019 00:42:41.842 INFO [http-nio-8080-exec-10] org.apache.myfaces.webapp.WebConfigParamsLogger.logWebContextParams No context init parameter 'org.apache.myfaces.FACES_INIT_PLUGINS' found.
17-May-2019 00:42:41.843 INFO [http-nio-8080-exec-10] org.apache.myfaces.webapp.WebConfigParamsLogger.logWebContextParams No context init parameter 'org.apache.myfaces.RESOURCE_VIRTUAL_PATH' found.
17-May-2019 00:42:41.843 INFO [http-nio-8080-exec-10] org.apache.myfaces.webapp.WebConfigParamsLogger.logWebContextParams No context init parameter 'org.apache.myfaces.ADD_RESOURCE_CLASS' found, using default value 'org.apache.myfaces. renderkit.html.util. DefaultAddResource'.
17-May-2019 00:42:41.843 INFO [http-nio-8080-exec-10] org.apache.myfaces.webapp.WebConfigParamsLogger.logWebContextParams No context init parameter 'org.apache.myfaces.CHECK_EXTENSIONS_FILTER' found, using default value 'for JSF 2.0 since 1.1.11 false, otherwise true'.
17-May-2019 00:42:41.843 INFO [http-nio-8080-exec-10] org.apache.myfaces.webapp.WebConfigParamsLogger.logWebContextParams No context init parameter 'org.apache.myfaces.READONLY_AS_DISABLED_FOR_SELECTS' found, using default value 'true'.
17-May-2019 00:42:41.846 INFO [http-nio-8080-exec-10] org.apache.myfaces.view.facelets.ViewPoolProcessor.initialize org.apache.myfaces.CACHE_EL_EXPRESSIONS web config parameter is set to "noCache". To enable view pooling this param must be set to "alwaysRecompile". View Pooling disabled.
17-May-2019 00:42:41.866 INFO [http-nio-8080-exec-10] org.apache.myfaces.webapp.StartupServletContextListener.contextInitialized MyFaces Core has started, it took [1557] ms.
17-May-2019 00:42:41.906 INFO [http-nio-8080-exec-10] org.apache.catalina.startup.HostConfig.deployWAR Deployment of web application archive [/home/ubuntu/tomcat9/webapps/career_advisor.war] has finished in [3,639] ms
17-May-2019 00:43:38.913 INFO [http-nio-8080-exec-5] org.apache.myfaces.util.ExternalSpecifications.isServlet4Available MyFaces Servlet 4.0 support enabled
